<?xml version="1.0" encoding="UTF-8"?>
<testng-results ignored="0" total="3" passed="3" failed="0" skipped="0">
  <reporter-output>
  </reporter-output>
  <suite started-at="2021-07-28T10:10:44 IST" name="All Test Suite" finished-at="2021-07-28T10:13:00 IST" duration-ms="135634">
    <groups>
    </groups>
    <test started-at="2021-07-28T10:10:44 IST" name="MobileAppTest1" finished-at="2021-07-28T10:11:31 IST" duration-ms="46317">
      <class name="com.project.tastcases.InvokeTestCase">
        <test-method is-config="true" signature="setup()[pri:0, instance:com.project.tastcases.InvokeTestCase@69453e37]" started-at="2021-07-28T10:10:44 IST" name="setup" finished-at="2021-07-28T10:11:09 IST" duration-ms="24361" status="PASS">
          <reporter-output>
          </reporter-output>
        </test-method> <!-- setup -->
        <test-method signature="invokeTestCase()[pri:0, instance:com.project.tastcases.InvokeTestCase@69453e37]" started-at="2021-07-28T10:11:09 IST" name="invokeTestCase" finished-at="2021-07-28T10:11:30 IST" duration-ms="21865" status="PASS">
          <reporter-output>
          </reporter-output>
        </test-method> <!-- invokeTestCase -->
        <test-method is-config="true" signature="mobileTearDown()[pri:0, instance:com.project.tastcases.InvokeTestCase@69453e37]" started-at="2021-07-28T10:11:30 IST" name="mobileTearDown" finished-at="2021-07-28T10:11:31 IST" duration-ms="59" status="PASS">
          <reporter-output>
          </reporter-output>
        </test-method> <!-- mobileTearDown -->
      </class> <!-- com.project.tastcases.InvokeTestCase -->
    </test> <!-- MobileAppTest1 -->
    <test started-at="2021-07-28T10:11:31 IST" name="MobileAppTest2" finished-at="2021-07-28T10:12:13 IST" duration-ms="41954">
      <class name="com.project.tastcases.ratingBarTestCase">
        <test-method is-config="true" signature="setup()[pri:0, instance:com.project.tastcases.ratingBarTestCase@1e178745]" started-at="2021-07-28T10:11:31 IST" name="setup" finished-at="2021-07-28T10:11:53 IST" duration-ms="22017" status="PASS">
          <reporter-output>
          </reporter-output>
        </test-method> <!-- setup -->
        <test-method signature="ratingBarTestCase()[pri:0, instance:com.project.tastcases.ratingBarTestCase@1e178745]" started-at="2021-07-28T10:11:53 IST" name="ratingBarTestCase" finished-at="2021-07-28T10:12:12 IST" duration-ms="19873" status="PASS">
          <reporter-output>
          </reporter-output>
        </test-method> <!-- ratingBarTestCase -->
        <test-method is-config="true" signature="mobileTearDown()[pri:0, instance:com.project.tastcases.ratingBarTestCase@1e178745]" started-at="2021-07-28T10:12:12 IST" name="mobileTearDown" finished-at="2021-07-28T10:12:13 IST" duration-ms="63" status="PASS">
          <reporter-output>
          </reporter-output>
        </test-method> <!-- mobileTearDown -->
      </class> <!-- com.project.tastcases.ratingBarTestCase -->
    </test> <!-- MobileAppTest2 -->
    <test started-at="2021-07-28T10:12:13 IST" name="MobileAppTest3" finished-at="2021-07-28T10:13:00 IST" duration-ms="47294">
      <class name="com.project.tastcases.SeekBarScrollTestCase">
        <test-method is-config="true" signature="setup()[pri:0, instance:com.project.tastcases.SeekBarScrollTestCase@49e5f737]" started-at="2021-07-28T10:12:13 IST" name="setup" finished-at="2021-07-28T10:12:34 IST" duration-ms="21650" status="PASS">
          <reporter-output>
          </reporter-output>
        </test-method> <!-- setup -->
        <test-method signature="seekBarScrollTestCase()[pri:0, instance:com.project.tastcases.SeekBarScrollTestCase@49e5f737]" started-at="2021-07-28T10:12:34 IST" name="seekBarScrollTestCase" finished-at="2021-07-28T10:13:00 IST" duration-ms="25585" status="PASS">
          <reporter-output>
          </reporter-output>
        </test-method> <!-- seekBarScrollTestCase -->
        <test-method is-config="true" signature="mobileTearDown()[pri:0, instance:com.project.tastcases.SeekBarScrollTestCase@49e5f737]" started-at="2021-07-28T10:13:00 IST" name="mobileTearDown" finished-at="2021-07-28T10:13:00 IST" duration-ms="58" status="PASS">
          <reporter-output>
          </reporter-output>
        </test-method> <!-- mobileTearDown -->
      </class> <!-- com.project.tastcases.SeekBarScrollTestCase -->
    </test> <!-- MobileAppTest3 -->
  </suite> <!-- All Test Suite -->
</testng-results>
