<?xml version="1.0" encoding="UTF-8"?>
<testsuite xmlns:xsi="http://www.w3.org/2001/XMLSchema-instance" xsi:noNamespaceSchemaLocation="https://maven.apache.org/surefire/maven-surefire-plugin/xsd/surefire-test-report.xsd" name="TestSuite" time="136.27" tests="3" errors="0" skipped="0" failures="0">
  <properties>
[...]
</properties>
  <testcase name="invokeTestCase" classname="com.project.tastcases.InvokeTestCase" time="21.817"/>
  <testcase name="ratingBarTestCase" classname="com.project.tastcases.ratingBarTestCase" time="19.777"/>
  <testcase name="seekBarScrollTestCase" classname="com.project.tastcases.SeekBarScrollTestCase" time="25.439"/>
</testsuite>